<?xml version="1.0" encoding="UTF-8"?>
<coverage generated="1781600639048" clover="3.2.0">
  <project timestamp="1781600639048" name="All files">
    <metrics statements="7" coveredstatements="7" conditionals="4" coveredconditionals="3" methods="4" coveredmethods="4" elements="15" coveredelements="14" complexity="0" loc="7" ncloc="7" packages="1" files="1" classes="1"/>
    <file name="validation.js" path="C:\Users\Pelajar\Desktop\Sistem Maklumat Pelajar Kakitangan\validation.js">
      <metrics statements="7" coveredstatements="7" conditionals="4" coveredconditionals="3" methods="4" coveredmethods="4"/>
      <line num="2" count="5" type="stmt"/>
      <line num="6" count="4" type="stmt"/>
      <line num="10" count="6" type="stmt"/>
      <line num="11" count="6" type="stmt"/>
      <line num="15" count="5" type="stmt"/>
      <line num="19" count="1" type="cond" truecount="3" falsecount="1"/>
      <line num="20" count="1" type="stmt"/>
    </file>
  </project>
</coverage>
