{"C:\\Users\\Pelajar\\Desktop\\Sistem Maklumat Pelajar Kakitangan\\validation.js": {"path":"C:\\Users\\Pelajar\\Desktop\\Sistem Maklumat Pelajar Kakitangan\\validation.js","statementMap":{"0":{"start":{"line":2,"column":4},"end":{"line":2,"column":35}},"1":{"start":{"line":6,"column":4},"end":{"line":6,"column":39}},"2":{"start":{"line":10,"column":20},"end":{"line":10,"column":48}},"3":{"start":{"line":11,"column":4},"end":{"line":11,"column":31}},"4":{"start":{"line":15,"column":4},"end":{"line":15,"column":32}},"5":{"start":{"line":19,"column":0},"end":{"line":26,"column":1}},"6":{"start":{"line":20,"column":4},"end":{"line":25,"column":6}}},"fnMap":{"0":{"name":"isValidName","decl":{"start":{"line":1,"column":9},"end":{"line":1,"column":20}},"loc":{"start":{"line":1,"column":26},"end":{"line":3,"column":1}},"line":1},"1":{"name":"isValidUsername","decl":{"start":{"line":5,"column":9},"end":{"line":5,"column":24}},"loc":{"start":{"line":5,"column":34},"end":{"line":7,"column":1}},"line":5},"2":{"name":"isValidEmail","decl":{"start":{"line":9,"column":9},"end":{"line":9,"column":21}},"loc":{"start":{"line":9,"column":28},"end":{"line":12,"column":1}},"line":9},"3":{"name":"isValidPassword","decl":{"start":{"line":14,"column":9},"end":{"line":14,"column":24}},"loc":{"start":{"line":14,"column":34},"end":{"line":16,"column":1}},"line":14}},"branchMap":{"0":{"loc":{"start":{"line":19,"column":0},"end":{"line":26,"column":1}},"type":"if","locations":[{"start":{"line":19,"column":0},"end":{"line":26,"column":1}},{"start":{},"end":{}}],"line":19},"1":{"loc":{"start":{"line":19,"column":4},"end":{"line":19,"column":51}},"type":"binary-expr","locations":[{"start":{"line":19,"column":4},"end":{"line":19,"column":33}},{"start":{"line":19,"column":37},"end":{"line":19,"column":51}}],"line":19}},"s":{"0":5,"1":4,"2":6,"3":6,"4":5,"5":1,"6":1},"f":{"0":5,"1":4,"2":6,"3":5},"b":{"0":[1,0],"1":[1,1]},"_coverageSchema":"1a1c01bbd47fc00a2c39e90264f33305004495a9","hash":"bbdb77d3f912d672d59602fea63120fdf05662bd"}
}
